  main.cpp
d:\computer-vision-study\week1_2\week1_2\main.cpp(219): warning C4244: '인수': '_Tp'에서 '_Tp'(으)로 변환하면서 데이터가 손실될 수 있습니다.
          with
          [
              _Tp=int
          ]
          and
          [
              _Tp=float
          ]
d:\computer-vision-study\week1_2\week1_2\main.cpp(220): warning C4244: '인수': '_Tp'에서 '_Tp'(으)로 변환하면서 데이터가 손실될 수 있습니다.
          with
          [
              _Tp=int
          ]
          and
          [
              _Tp=float
          ]
d:\computer-vision-study\week1_2\week1_2\main.cpp(221): warning C4244: '인수': '_Tp'에서 '_Tp'(으)로 변환하면서 데이터가 손실될 수 있습니다.
          with
          [
              _Tp=int
          ]
          and
          [
              _Tp=float
          ]
d:\computer-vision-study\week1_2\week1_2\main.cpp(255): warning C4244: '인수': 'double'에서 '_Tp'(으)로 변환하면서 데이터가 손실될 수 있습니다.
          with
          [
              _Tp=int
          ]
d:\computer-vision-study\week1_2\week1_2\main.cpp(378): warning C4244: '인수': '_Tp'에서 '_Tp'(으)로 변환하면서 데이터가 손실될 수 있습니다.
          with
          [
              _Tp=int
          ]
          and
          [
              _Tp=float
          ]
d:\computer-vision-study\week1_2\week1_2\main.cpp(379): warning C4244: '인수': '_Tp'에서 '_Tp'(으)로 변환하면서 데이터가 손실될 수 있습니다.
          with
          [
              _Tp=int
          ]
          and
          [
              _Tp=float
          ]
d:\computer-vision-study\week1_2\week1_2\main.cpp(380): warning C4244: '인수': '_Tp'에서 '_Tp'(으)로 변환하면서 데이터가 손실될 수 있습니다.
          with
          [
              _Tp=int
          ]
          and
          [
              _Tp=float
          ]
d:\computer-vision-study\week1_2\week1_2\main.cpp(414): warning C4244: '인수': 'double'에서 '_Tp'(으)로 변환하면서 데이터가 손실될 수 있습니다.
          with
          [
              _Tp=int
          ]
  week1_2.vcxproj -> D:\Computer-Vision-Study\week1_2\x64\Debug\week1_2.exe
